<?xml version="1.0" encoding="UTF-8"?>
<testng-results ignored="0" total="2" passed="2" failed="0" skipped="0">
  <reporter-output>
  </reporter-output>
  <suite started-at="2022-10-24T05:35:49Z" name="Default suite" finished-at="2022-10-24T05:35:57Z" duration-ms="7755">
    <groups>
    </groups>
    <test started-at="2022-10-24T05:35:49Z" name="Default test" finished-at="2022-10-24T05:35:57Z" duration-ms="7755">
      <class name="com.capgemini.tests.TalentCapgemeniTest">
        <test-method is-config="true" signature="invokeDriver()[pri:0, instance:com.capgemini.tests.TalentCapgemeniTest@44c73c26]" started-at="2022-10-24T05:35:47Z" name="invokeDriver" finished-at="2022-10-24T05:35:49Z" duration-ms="2057" status="PASS">
          <reporter-output>
          </reporter-output>
        </test-method> <!-- invokeDriver -->
        <test-method signature="navigateToTalentPage()[pri:1, instance:com.capgemini.tests.TalentCapgemeniTest@44c73c26]" started-at="2022-10-24T05:35:49Z" name="navigateToTalentPage" finished-at="2022-10-24T05:35:55Z" duration-ms="6231" status="PASS">
          <reporter-output>
          </reporter-output>
        </test-method> <!-- navigateToTalentPage -->
        <test-method signature="enterLoginDetails()[pri:2, instance:com.capgemini.tests.TalentCapgemeniTest@44c73c26]" started-at="2022-10-24T05:35:55Z" name="enterLoginDetails" finished-at="2022-10-24T05:35:57Z" duration-ms="1489" status="PASS">
          <reporter-output>
          </reporter-output>
        </test-method> <!-- enterLoginDetails -->
        <test-method is-config="true" signature="close()[pri:0, instance:com.capgemini.tests.TalentCapgemeniTest@44c73c26]" started-at="2022-10-24T05:35:57Z" name="close" finished-at="2022-10-24T05:35:57Z" duration-ms="227" status="PASS">
          <reporter-output>
          </reporter-output>
        </test-method> <!-- close -->
      </class> <!-- com.capgemini.tests.TalentCapgemeniTest -->
    </test> <!-- Default test -->
  </suite> <!-- Default suite -->
</testng-results>
