<?xml version="1.0" encoding="UTF-8"?>
<!-- Generated by org.testng.reporters.JUnitXMLReporter -->
<testsuite ignored="0" hostname="INLEN8520047048" failures="0" tests="2" name="Default test" time="7.755" errors="0" timestamp="24 Oct 2022 05:35:57 GMT">
  <testcase classname="com.capgemini.tests.TalentCapgemeniTest" name="navigateToTalentPage" time="6.231"/>
  <testcase classname="com.capgemini.tests.TalentCapgemeniTest" name="enterLoginDetails" time="1.489"/>
</testsuite> <!-- Default test -->
